<html>
<head>
<title>TestNG:  AllocationLogic_DRSOpen_PAOnBoarded</title>
<link href="../testng.css" rel="stylesheet" type="text/css" />
<link href="../my-testng.css" rel="stylesheet" type="text/css" />

<style type="text/css">
.log { display: none;} 
.stack-trace { display: none;} 
</style>
<script type="text/javascript">
<!--
function flip(e) {
  current = e.style.display;
  if (current == 'block') {
    e.style.display = 'none';
    return 0;
  }
  else {
    e.style.display = 'block';
    return 1;
  }
}

function toggleBox(szDivId, elem, msg1, msg2)
{
  var res = -1;  if (document.getElementById) {
    res = flip(document.getElementById(szDivId));
  }
  else if (document.all) {
    // this is the way old msie versions work
    res = flip(document.all[szDivId]);
  }
  if(elem) {
    if(res == 0) elem.innerHTML = msg1; else elem.innerHTML = msg2;
  }

}

function toggleAllBoxes() {
  if (document.getElementsByTagName) {
    d = document.getElementsByTagName('div');
    for (i = 0; i < d.length; i++) {
      if (d[i].className == 'log') {
        flip(d[i]);
      }
    }
  }
}

// -->
</script>

</head>
<body>
<h2 align='center'>AllocationLogic_DRSOpen_PAOnBoarded</h2><table border='1' align="center">
<tr>
<td>Tests passed/Failed/Skipped:</td><td>0/1/0</td>
</tr><tr>
<td>Started on:</td><td>Fri Nov 22 14:12:16 IST 2019</td>
</tr>
<tr><td>Total time:</td><td>1523 seconds (1523148 ms)</td>
</tr><tr>
<td>Included groups:</td><td></td>
</tr><tr>
<td>Excluded groups:</td><td></td>
</tr>
</table><p/>
<small><i>(Hover the method name to see the test class name)</i></small><p/>
<table width='100%' border='1' class='invocation-failed'>
<tr><td colspan='4' align='center'><b>FAILED TESTS</b></td></tr>
<tr><td><b>Test method</b></td>
<td width="30%"><b>Exception</b></td>
<td width="10%"><b>Time (seconds)</b></td>
<td><b>Instance</b></td>
</tr>
<tr>
<td title='com.hybridFramework.RMS.allocationLogic_viaAssistMe.DRSOpen_PAOnBoarded.toAllPAs()'><b>toAllPAs</b><br>Test class: com.hybridFramework.RMS.allocationLogic_viaAssistMe.DRSOpen_PAOnBoarded<br>Parameters: AL_AssistMe_DO_DC_I_PAs, Userlist<br/>
<a href="#Output-659937029" onClick='toggleBox("Output-659937029", this, "Show output", "Hide output");'>Show output</a>

<a href="#Output-659937029" onClick="toggleAllBoxes();">Show all outputs</a>
<div class='log' id="Output-659937029">
Automation Team Test 2019/11/22 14:14:06<br/>
*** New Research Request RES1004305 created in the RMS ***<br/>
Automation Team Test 2019/11/22 14:15:58<br/>
*** New Research Request RES1004306 created in the RMS ***<br/>
Automation Team Test 2019/11/22 14:17:37<br/>
*** New Research Request RES1004307 created in the RMS ***<br/>
Automation Team Test 2019/11/22 14:19:27<br/>
*** New Research Request RES1004312 created in the RMS ***<br/>
Automation Team Test 2019/11/22 14:21:18<br/>
*** New Research Request RES1004313 created in the RMS ***<br/>
Automation Team Test 2019/11/22 14:23:31<br/>
*** New Research Request RES1004316 created in the RMS ***<br/>
Automation Team Test 2019/11/22 14:25:19<br/>
*** New Research Request RES1004319 created in the RMS ***<br/>
Automation Team Test 2019/11/22 14:26:59<br/>
*** New Research Request RES1004320 created in the RMS ***<br/>
Automation Team Test 2019/11/22 14:28:39<br/>
*** New Research Request RES1004321 created in the RMS ***<br/>
Automation Team Test 2019/11/22 14:30:20<br/>
*** New Research Request RES1004322 created in the RMS ***<br/>
Automation Team Test 2019/11/22 14:32:00<br/>
*** New Research Request RES1004325 created in the RMS ***<br/>
Automation Team Test 2019/11/22 14:33:53<br/>
*** New Research Request RES1004327 created in the RMS ***<br/>
Automation Team Test 2019/11/22 14:35:35<br/>
*** New Research Request RES1004328 created in the RMS ***<br/>
Automation Team Test 2019/11/22 14:37:22<br/>
</div>
</td>
<td><div><pre>org.openqa.selenium.ElementClickInterceptedException: element click intercepted: Element &lt;button ng-if=&quot;::c.showOrderNowButton()&quot; tabindex=&quot;0&quot; name=&quot;submit&quot; ng-disabled=&quot;submitted&quot; ng-click=&quot;triggerOn...()&quot; class=&quot;btn btn-primary ng-binding ng-scope&quot;&gt;Submit&lt;/button&gt; is not clickable at point (109, 586). Other element would receive the click: &lt;div id=&quot;select2-drop-mask&quot; class=&quot;select2-drop-mask&quot; style=&quot;display: block;&quot;&gt;&lt;/div&gt;
  (Session info: chrome=78.0.3904.97)
Build info: version: &apos;3.13.0&apos;, revision: &apos;2f0d292&apos;, time: &apos;2018-06-25T15:24:21.231Z&apos;
System info: host: &apos;NDE-54211342&apos;, ip: &apos;10.187.51.121&apos;, os.name: &apos;Windows 10&apos;, os.arch: &apos;amd64&apos;, os.version: &apos;10.0&apos;, java.version: &apos;1.8.0_144&apos;
Driver info: org.openqa.selenium.chrome.ChromeDriver
Capabilities {acceptInsecureCerts: true, browserName: chrome, browserVersion: 78.0.3904.97, chrome: {chromedriverVersion: 78.0.3904.70 (edb9c9f3de024..., userDataDir: C:\Users\SHARMA~1\AppData\L...}, goog:chromeOptions: {debuggerAddress: localhost:59393}, javascriptEnabled: true, networkConnectionEnabled: false, pageLoadStrategy: normal, platform: XP, platformName: XP, proxy: Proxy(), setWindowRect: true, strictFileInteractability: false, timeouts: {implicit: 0, pageLoad: 300000, script: 30000}, unhandledPromptBehavior: accept}
Session ID: c4916fd4940616a619cc6abb890701db
	at org.openqa.selenium.remote.http.W3CHttpResponseCodec.createException(W3CHttpResponseCodec.java:187)
	at org.openqa.selenium.remote.http.W3CHttpResponseCodec.decode(W3CHttpResponseCodec.java:122)
	at org.openqa.selenium.remote.http.W3CHttpResponseCodec.decode(W3CHttpResponseCodec.java:49)
	at org.openqa.selenium.remote.HttpCommandExecutor.execute(HttpCommandExecutor.java:158)
	at org.openqa.selenium.remote.service.DriverCommandExecutor.execute(DriverCommandExecutor.java:83)
	at org.openqa.selenium.remote.RemoteWebDriver.execute(RemoteWebDriver.java:548)
	at org.openqa.selenium.remote.RemoteWebElement.execute(RemoteWebElement.java:276)
	at org.openqa.selenium.remote.RemoteWebElement.click(RemoteWebElement.java:83)
	at org.openqa.selenium.support.pagefactory.internal.LocatingElementHandler.invoke(LocatingElementHandler.java:51)
	at com.sun.proxy.$Proxy11.click(Unknown Source)
	at com.hybridFramework.PageObject.AssistMeFormPage.clickOnSubmitButton(AssistMeFormPage.java:81)
	at com.hybridFramework.Generic.GenericMethods.fillAndSubmitAssistMeForm(GenericMethods.java:185)
	at com.hybridFramework.RMS.allocationLogic_viaAssistMe.DRSOpen_PAOnBoarded.toAllPAs(DRSOpen_PAOnBoarded.java:31)
... Removed 32 stack frames</pre></div><a href='#' onClick='toggleBox("stack-trace659937029", this, "Click to show all stack frames", "Click to hide stack frames")'>Click to show all stack frames</a>
<div class='stack-trace' id='stack-trace659937029'><pre>org.openqa.selenium.ElementClickInterceptedException: element click intercepted: Element &lt;button ng-if=&quot;::c.showOrderNowButton()&quot; tabindex=&quot;0&quot; name=&quot;submit&quot; ng-disabled=&quot;submitted&quot; ng-click=&quot;triggerOn...()&quot; class=&quot;btn btn-primary ng-binding ng-scope&quot;&gt;Submit&lt;/button&gt; is not clickable at point (109, 586). Other element would receive the click: &lt;div id=&quot;select2-drop-mask&quot; class=&quot;select2-drop-mask&quot; style=&quot;display: block;&quot;&gt;&lt;/div&gt;
  (Session info: chrome=78.0.3904.97)
Build info: version: &apos;3.13.0&apos;, revision: &apos;2f0d292&apos;, time: &apos;2018-06-25T15:24:21.231Z&apos;
System info: host: &apos;NDE-54211342&apos;, ip: &apos;10.187.51.121&apos;, os.name: &apos;Windows 10&apos;, os.arch: &apos;amd64&apos;, os.version: &apos;10.0&apos;, java.version: &apos;1.8.0_144&apos;
Driver info: org.openqa.selenium.chrome.ChromeDriver
Capabilities {acceptInsecureCerts: true, browserName: chrome, browserVersion: 78.0.3904.97, chrome: {chromedriverVersion: 78.0.3904.70 (edb9c9f3de024..., userDataDir: C:\Users\SHARMA~1\AppData\L...}, goog:chromeOptions: {debuggerAddress: localhost:59393}, javascriptEnabled: true, networkConnectionEnabled: false, pageLoadStrategy: normal, platform: XP, platformName: XP, proxy: Proxy(), setWindowRect: true, strictFileInteractability: false, timeouts: {implicit: 0, pageLoad: 300000, script: 30000}, unhandledPromptBehavior: accept}
Session ID: c4916fd4940616a619cc6abb890701db
	at sun.reflect.NativeConstructorAccessorImpl.newInstance0(Native Method)
	at sun.reflect.NativeConstructorAccessorImpl.newInstance(NativeConstructorAccessorImpl.java:62)
	at sun.reflect.DelegatingConstructorAccessorImpl.newInstance(DelegatingConstructorAccessorImpl.java:45)
	at java.lang.reflect.Constructor.newInstance(Constructor.java:423)
	at org.openqa.selenium.remote.http.W3CHttpResponseCodec.createException(W3CHttpResponseCodec.java:187)
	at org.openqa.selenium.remote.http.W3CHttpResponseCodec.decode(W3CHttpResponseCodec.java:122)
	at org.openqa.selenium.remote.http.W3CHttpResponseCodec.decode(W3CHttpResponseCodec.java:49)
	at org.openqa.selenium.remote.HttpCommandExecutor.execute(HttpCommandExecutor.java:158)
	at org.openqa.selenium.remote.service.DriverCommandExecutor.execute(DriverCommandExecutor.java:83)
	at org.openqa.selenium.remote.RemoteWebDriver.execute(RemoteWebDriver.java:548)
	at org.openqa.selenium.remote.RemoteWebElement.execute(RemoteWebElement.java:276)
	at org.openqa.selenium.remote.RemoteWebElement.click(RemoteWebElement.java:83)
	at sun.reflect.GeneratedMethodAccessor2.invoke(Unknown Source)
	at sun.reflect.DelegatingMethodAccessorImpl.invoke(DelegatingMethodAccessorImpl.java:43)
	at java.lang.reflect.Method.invoke(Method.java:498)
	at org.openqa.selenium.support.pagefactory.internal.LocatingElementHandler.invoke(LocatingElementHandler.java:51)
	at com.sun.proxy.$Proxy11.click(Unknown Source)
	at com.hybridFramework.PageObject.AssistMeFormPage.clickOnSubmitButton(AssistMeFormPage.java:81)
	at com.hybridFramework.Generic.GenericMethods.fillAndSubmitAssistMeForm(GenericMethods.java:185)
	at com.hybridFramework.RMS.allocationLogic_viaAssistMe.DRSOpen_PAOnBoarded.toAllPAs(DRSOpen_PAOnBoarded.java:31)
	at sun.reflect.NativeMethodAccessorImpl.invoke0(Native Method)
	at sun.reflect.NativeMethodAccessorImpl.invoke(NativeMethodAccessorImpl.java:62)
	at sun.reflect.DelegatingMethodAccessorImpl.invoke(DelegatingMethodAccessorImpl.java:43)
	at java.lang.reflect.Method.invoke(Method.java:498)
	at org.testng.internal.MethodInvocationHelper.invokeMethod(MethodInvocationHelper.java:124)
	at org.testng.internal.Invoker.invokeMethod(Invoker.java:580)
	at org.testng.internal.Invoker.invokeTestMethod(Invoker.java:716)
	at org.testng.internal.Invoker.invokeTestMethods(Invoker.java:988)
	at org.testng.internal.TestMethodWorker.invokeTestMethods(TestMethodWorker.java:125)
	at org.testng.internal.TestMethodWorker.run(TestMethodWorker.java:109)
	at org.testng.TestRunner.privateRun(TestRunner.java:648)
	at org.testng.TestRunner.run(TestRunner.java:505)
	at org.testng.SuiteRunner.runTest(SuiteRunner.java:455)
	at org.testng.SuiteRunner.runSequentially(SuiteRunner.java:450)
	at org.testng.SuiteRunner.privateRun(SuiteRunner.java:415)
	at org.testng.SuiteRunner.run(SuiteRunner.java:364)
	at org.testng.SuiteRunnerWorker.runSuite(SuiteRunnerWorker.java:52)
	at org.testng.SuiteRunnerWorker.run(SuiteRunnerWorker.java:84)
	at org.testng.TestNG.runSuitesSequentially(TestNG.java:1208)
	at org.testng.TestNG.runSuitesLocally(TestNG.java:1137)
	at org.testng.TestNG.runSuites(TestNG.java:1049)
	at org.testng.TestNG.run(TestNG.java:1017)
	at org.testng.remote.AbstractRemoteTestNG.run(AbstractRemoteTestNG.java:114)
	at org.testng.remote.RemoteTestNG.initAndRun(RemoteTestNG.java:251)
	at org.testng.remote.RemoteTestNG.main(RemoteTestNG.java:77)
</pre></div></td>
<td>1412</td>
<td>com.hybridFramework.RMS.allocationLogic_viaAssistMe.DRSOpen_PAOnBoarded@63a12c68</td></tr>
</table><p>
</body>
</html>