<?xml version="1.0" encoding="UTF-8"?>
<!-- Generated by org.testng.reporters.JUnitXMLReporter -->
<testsuite hostname="NDE-54211342" ignored="0" name="ManagementNotes_DRS_KPORequests" tests="2" failures="1" timestamp="22 Nov 2019 10:28:22 GMT" time="583.704" errors="0">
  <testcase name="ManagementNotesVerificationOnDRSKPORequests_TC_01" time="194.56" classname="com.hybridFramework.RMS.managementNotes.OnDrsKpoRequests"/>
  <testcase name="ManagementNotesVerificationOnDRSKPORequests_TC_02" time="185.15" classname="com.hybridFramework.RMS.managementNotes.OnDrsKpoRequests">
    <failure type="org.openqa.selenium.NoSuchElementException" message="no such element: Unable to locate element: {&amp;quot;method&amp;quot;:&amp;quot;xpath&amp;quot;,&amp;quot;selector&amp;quot;:&amp;quot;//div[@id=&amp;apos;tabs2_section&amp;apos;]//span[contains(text(),&amp;apos;Mgmt Notes&amp;apos;)]&amp;quot;}
  (Session info: chrome=78.0.3904.97)
For documentation on this error, please visit: http://seleniumhq.org/exceptions/no_such_element.html
Build info: version: &amp;apos;3.13.0&amp;apos;, revision: &amp;apos;2f0d292&amp;apos;, time: &amp;apos;2018-06-25T15:24:21.231Z&amp;apos;
System info: host: &amp;apos;NDE-54211342&amp;apos;, ip: &amp;apos;10.187.51.121&amp;apos;, os.name: &amp;apos;Windows 10&amp;apos;, os.arch: &amp;apos;amd64&amp;apos;, os.version: &amp;apos;10.0&amp;apos;, java.version: &amp;apos;1.8.0_144&amp;apos;
Driver info: org.openqa.selenium.chrome.ChromeDriver
Capabilities {acceptInsecureCerts: true, browserName: chrome, browserVersion: 78.0.3904.97, chrome: {chromedriverVersion: 78.0.3904.70 (edb9c9f3de024..., userDataDir: C:\Users\SHARMA~1\AppData\L...}, goog:chromeOptions: {debuggerAddress: localhost:52545}, javascriptEnabled: true, networkConnectionEnabled: false, pageLoadStrategy: normal, platform: XP, platformName: XP, proxy: Proxy(), setWindowRect: true, strictFileInteractability: false, timeouts: {implicit: 0, pageLoad: 300000, script: 30000}, unhandledPromptBehavior: accept}
Session ID: d3cb098639c1bfbfa2e96c7bdf97244e
*** Element info: {Using=xpath, value=//div[@id=&amp;apos;tabs2_section&amp;apos;]//span[contains(text(),&amp;apos;Mgmt Notes&amp;apos;)]}">
      <![CDATA[org.openqa.selenium.NoSuchElementException: no such element: Unable to locate element: {"method":"xpath","selector":"//div[@id='tabs2_section']//span[contains(text(),'Mgmt Notes')]"}
  (Session info: chrome=78.0.3904.97)
For documentation on this error, please visit: http://seleniumhq.org/exceptions/no_such_element.html
Build info: version: '3.13.0', revision: '2f0d292', time: '2018-06-25T15:24:21.231Z'
System info: host: 'NDE-54211342', ip: '10.187.51.121', os.name: 'Windows 10', os.arch: 'amd64', os.version: '10.0', java.version: '1.8.0_144'
Driver info: org.openqa.selenium.chrome.ChromeDriver
Capabilities {acceptInsecureCerts: true, browserName: chrome, browserVersion: 78.0.3904.97, chrome: {chromedriverVersion: 78.0.3904.70 (edb9c9f3de024..., userDataDir: C:\Users\SHARMA~1\AppData\L...}, goog:chromeOptions: {debuggerAddress: localhost:52545}, javascriptEnabled: true, networkConnectionEnabled: false, pageLoadStrategy: normal, platform: XP, platformName: XP, proxy: Proxy(), setWindowRect: true, strictFileInteractability: false, timeouts: {implicit: 0, pageLoad: 300000, script: 30000}, unhandledPromptBehavior: accept}
Session ID: d3cb098639c1bfbfa2e96c7bdf97244e
*** Element info: {Using=xpath, value=//div[@id='tabs2_section']//span[contains(text(),'Mgmt Notes')]}
at org.openqa.selenium.remote.http.W3CHttpResponseCodec.createException(W3CHttpResponseCodec.java:187)
at org.openqa.selenium.remote.http.W3CHttpResponseCodec.decode(W3CHttpResponseCodec.java:122)
at org.openqa.selenium.remote.http.W3CHttpResponseCodec.decode(W3CHttpResponseCodec.java:49)
at org.openqa.selenium.remote.HttpCommandExecutor.execute(HttpCommandExecutor.java:158)
at org.openqa.selenium.remote.service.DriverCommandExecutor.execute(DriverCommandExecutor.java:83)
at org.openqa.selenium.remote.RemoteWebDriver.execute(RemoteWebDriver.java:548)
at org.openqa.selenium.remote.RemoteWebDriver.findElement(RemoteWebDriver.java:322)
at org.openqa.selenium.remote.RemoteWebDriver.findElementByXPath(RemoteWebDriver.java:424)
at org.openqa.selenium.By$ByXPath.findElement(By.java:353)
at org.openqa.selenium.remote.RemoteWebDriver.findElement(RemoteWebDriver.java:314)
at org.openqa.selenium.support.pagefactory.DefaultElementLocator.findElement(DefaultElementLocator.java:69)
at org.openqa.selenium.support.pagefactory.internal.LocatingElementHandler.invoke(LocatingElementHandler.java:38)
at com.sun.proxy.$Proxy11.getWrappedElement(Unknown Source)
at org.openqa.selenium.remote.internal.WebElementToJsonConverter.apply(WebElementToJsonConverter.java:51)
at java.util.stream.ReferencePipeline$3$1.accept(ReferencePipeline.java:193)
at java.util.Spliterators$ArraySpliterator.forEachRemaining(Spliterators.java:948)
at java.util.stream.AbstractPipeline.copyInto(AbstractPipeline.java:481)
at java.util.stream.AbstractPipeline.wrapAndCopyInto(AbstractPipeline.java:471)
at java.util.stream.ReduceOps$ReduceOp.evaluateSequential(ReduceOps.java:708)
at java.util.stream.AbstractPipeline.evaluate(AbstractPipeline.java:234)
at java.util.stream.ReferencePipeline.collect(ReferencePipeline.java:499)
at org.openqa.selenium.remote.RemoteWebDriver.executeScript(RemoteWebDriver.java:480)
at com.hybridFramework.helper.Javascript.JavaScriptHelper.executeScript(JavaScriptHelper.java:31)
at com.hybridFramework.helper.Javascript.JavaScriptHelper.scrollIntoView(JavaScriptHelper.java:47)
at com.hybridFramework.helper.Javascript.JavaScriptHelper.scrollIntoViewAndClick(JavaScriptHelper.java:52)
at com.hybridFramework.PageObject.BasePage.scrollToManagementNotesTab(BasePage.java:382)
at com.hybridFramework.PageObject.BasePage.verifyManagementNotesEditable(BasePage.java:387)
at com.hybridFramework.RMS.managementNotes.OnDrsKpoRequests.ManagementNotesVerificationOnDRSKPORequests_TC_02(OnDrsKpoRequests.java:70)
... Removed 29 stack frames]]>
    </failure>
  </testcase> <!-- ManagementNotesVerificationOnDRSKPORequests_TC_02 -->
</testsuite> <!-- ManagementNotes_DRS_KPORequests -->
