<?xml version="1.0" encoding="UTF-8"?>
<!-- Generated by org.testng.reporters.JUnitXMLReporter -->
<testsuite hostname="NDE-54211342" ignored="0" name="ManagementNotes_ActiveRequests" tests="10" failures="1" timestamp="18 Nov 2019 04:55:29 GMT" time="210.209" errors="0">
  <testcase name="@BeforeMethod beforeMethod" time="0.011" classname="com.hybridFramework.testBase.TestBase">
    <failure type="org.openqa.selenium.NoSuchWindowException" message="no such window: target window already closed
from unknown error: web view not found
  (Session info: chrome=78.0.3904.97)
Build info: version: &amp;apos;3.13.0&amp;apos;, revision: &amp;apos;2f0d292&amp;apos;, time: &amp;apos;2018-06-25T15:24:21.231Z&amp;apos;
System info: host: &amp;apos;NDE-54211342&amp;apos;, ip: &amp;apos;10.187.82.10&amp;apos;, os.name: &amp;apos;Windows 10&amp;apos;, os.arch: &amp;apos;amd64&amp;apos;, os.version: &amp;apos;10.0&amp;apos;, java.version: &amp;apos;1.8.0_144&amp;apos;
Driver info: org.openqa.selenium.chrome.ChromeDriver
Capabilities {acceptInsecureCerts: true, browserName: chrome, browserVersion: 78.0.3904.97, chrome: {chromedriverVersion: 78.0.3904.70 (edb9c9f3de024..., userDataDir: C:\Users\SHARMA~1\AppData\L...}, goog:chromeOptions: {debuggerAddress: localhost:60113}, javascriptEnabled: true, networkConnectionEnabled: false, pageLoadStrategy: normal, platform: XP, platformName: XP, proxy: Proxy(), setWindowRect: true, strictFileInteractability: false, timeouts: {implicit: 0, pageLoad: 300000, script: 30000}, unhandledPromptBehavior: accept}
Session ID: dee5fe66157c5c7df9d2f5beefcf3da2">
      <![CDATA[org.openqa.selenium.NoSuchWindowException: no such window: target window already closed
from unknown error: web view not found
  (Session info: chrome=78.0.3904.97)
Build info: version: '3.13.0', revision: '2f0d292', time: '2018-06-25T15:24:21.231Z'
System info: host: 'NDE-54211342', ip: '10.187.82.10', os.name: 'Windows 10', os.arch: 'amd64', os.version: '10.0', java.version: '1.8.0_144'
Driver info: org.openqa.selenium.chrome.ChromeDriver
Capabilities {acceptInsecureCerts: true, browserName: chrome, browserVersion: 78.0.3904.97, chrome: {chromedriverVersion: 78.0.3904.70 (edb9c9f3de024..., userDataDir: C:\Users\SHARMA~1\AppData\L...}, goog:chromeOptions: {debuggerAddress: localhost:60113}, javascriptEnabled: true, networkConnectionEnabled: false, pageLoadStrategy: normal, platform: XP, platformName: XP, proxy: Proxy(), setWindowRect: true, strictFileInteractability: false, timeouts: {implicit: 0, pageLoad: 300000, script: 30000}, unhandledPromptBehavior: accept}
Session ID: dee5fe66157c5c7df9d2f5beefcf3da2
at org.openqa.selenium.remote.http.W3CHttpResponseCodec.createException(W3CHttpResponseCodec.java:187)
at org.openqa.selenium.remote.http.W3CHttpResponseCodec.decode(W3CHttpResponseCodec.java:122)
at org.openqa.selenium.remote.http.W3CHttpResponseCodec.decode(W3CHttpResponseCodec.java:49)
at org.openqa.selenium.remote.HttpCommandExecutor.execute(HttpCommandExecutor.java:158)
at org.openqa.selenium.remote.service.DriverCommandExecutor.execute(DriverCommandExecutor.java:83)
at org.openqa.selenium.remote.RemoteWebDriver.execute(RemoteWebDriver.java:548)
at org.openqa.selenium.remote.RemoteWebDriver.get(RemoteWebDriver.java:276)
at com.hybridFramework.testBase.TestBase.beforeMethod(TestBase.java:326)
... Removed 32 stack frames]]>
    </failure>
  </testcase> <!-- @BeforeMethod beforeMethod -->
  <testcase name="@BeforeMethod beforeMethod" time="0.0" classname="com.hybridFramework.testBase.TestBase">
    <skipped/>
  </testcase> <!-- @BeforeMethod beforeMethod -->
  <testcase name="@BeforeMethod beforeMethod" time="0.0" classname="com.hybridFramework.testBase.TestBase">
    <skipped/>
  </testcase> <!-- @BeforeMethod beforeMethod -->
  <testcase name="@BeforeMethod beforeMethod" time="0.0" classname="com.hybridFramework.testBase.TestBase">
    <skipped/>
  </testcase> <!-- @BeforeMethod beforeMethod -->
  <testcase name="@BeforeMethod beforeMethod" time="0.0" classname="com.hybridFramework.testBase.TestBase">
    <skipped/>
  </testcase> <!-- @BeforeMethod beforeMethod -->
  <testcase name="@BeforeMethod beforeMethod" time="0.0" classname="com.hybridFramework.testBase.TestBase">
    <skipped/>
  </testcase> <!-- @BeforeMethod beforeMethod -->
  <testcase name="@BeforeMethod beforeMethod" time="0.0" classname="com.hybridFramework.testBase.TestBase">
    <skipped/>
  </testcase> <!-- @BeforeMethod beforeMethod -->
  <testcase name="@BeforeMethod beforeMethod" time="0.0" classname="com.hybridFramework.testBase.TestBase">
    <skipped/>
  </testcase> <!-- @BeforeMethod beforeMethod -->
  <testcase name="ManagementNotesVerificationOnActiveRequests_TC_AR_01" time="88.443" classname="com.hybridFramework.RMS.managementNotes.OnActiveRequests"/>
  <testcase name="ManagementNotesVerificationOnActiveRequests_TC_AR_02" time="0.019" classname="com.hybridFramework.RMS.managementNotes.OnActiveRequests">
    <failure type="org.openqa.selenium.NoSuchWindowException" message="no such window: target window already closed
from unknown error: web view not found
  (Session info: chrome=78.0.3904.97)
Build info: version: &amp;apos;3.13.0&amp;apos;, revision: &amp;apos;2f0d292&amp;apos;, time: &amp;apos;2018-06-25T15:24:21.231Z&amp;apos;
System info: host: &amp;apos;NDE-54211342&amp;apos;, ip: &amp;apos;10.187.82.10&amp;apos;, os.name: &amp;apos;Windows 10&amp;apos;, os.arch: &amp;apos;amd64&amp;apos;, os.version: &amp;apos;10.0&amp;apos;, java.version: &amp;apos;1.8.0_144&amp;apos;
Driver info: org.openqa.selenium.chrome.ChromeDriver
Capabilities {acceptInsecureCerts: true, browserName: chrome, browserVersion: 78.0.3904.97, chrome: {chromedriverVersion: 78.0.3904.70 (edb9c9f3de024..., userDataDir: C:\Users\SHARMA~1\AppData\L...}, goog:chromeOptions: {debuggerAddress: localhost:60113}, javascriptEnabled: true, networkConnectionEnabled: false, pageLoadStrategy: normal, platform: XP, platformName: XP, proxy: Proxy(), setWindowRect: true, strictFileInteractability: false, timeouts: {implicit: 0, pageLoad: 300000, script: 30000}, unhandledPromptBehavior: accept}
Session ID: dee5fe66157c5c7df9d2f5beefcf3da2">
      <![CDATA[org.openqa.selenium.NoSuchWindowException: no such window: target window already closed
from unknown error: web view not found
  (Session info: chrome=78.0.3904.97)
Build info: version: '3.13.0', revision: '2f0d292', time: '2018-06-25T15:24:21.231Z'
System info: host: 'NDE-54211342', ip: '10.187.82.10', os.name: 'Windows 10', os.arch: 'amd64', os.version: '10.0', java.version: '1.8.0_144'
Driver info: org.openqa.selenium.chrome.ChromeDriver
Capabilities {acceptInsecureCerts: true, browserName: chrome, browserVersion: 78.0.3904.97, chrome: {chromedriverVersion: 78.0.3904.70 (edb9c9f3de024..., userDataDir: C:\Users\SHARMA~1\AppData\L...}, goog:chromeOptions: {debuggerAddress: localhost:60113}, javascriptEnabled: true, networkConnectionEnabled: false, pageLoadStrategy: normal, platform: XP, platformName: XP, proxy: Proxy(), setWindowRect: true, strictFileInteractability: false, timeouts: {implicit: 0, pageLoad: 300000, script: 30000}, unhandledPromptBehavior: accept}
Session ID: dee5fe66157c5c7df9d2f5beefcf3da2
at org.openqa.selenium.remote.http.W3CHttpResponseCodec.createException(W3CHttpResponseCodec.java:187)
at org.openqa.selenium.remote.http.W3CHttpResponseCodec.decode(W3CHttpResponseCodec.java:122)
at org.openqa.selenium.remote.http.W3CHttpResponseCodec.decode(W3CHttpResponseCodec.java:49)
at org.openqa.selenium.remote.HttpCommandExecutor.execute(HttpCommandExecutor.java:158)
at org.openqa.selenium.remote.service.DriverCommandExecutor.execute(DriverCommandExecutor.java:83)
at org.openqa.selenium.remote.RemoteWebDriver.execute(RemoteWebDriver.java:548)
at org.openqa.selenium.remote.RemoteWebDriver$RemoteTargetLocator.defaultContent(RemoteWebDriver.java:918)
at com.hybridFramework.Generic.GenericMethods.impersonateuser(GenericMethods.java:27)
at com.hybridFramework.RMS.managementNotes.OnActiveRequests.ManagementNotesVerificationOnActiveRequests_TC_AR_02(OnActiveRequests.java:40)
... Removed 29 stack frames]]>
    </failure>
  </testcase> <!-- ManagementNotesVerificationOnActiveRequests_TC_AR_02 -->
  <testcase name="ManagementNotesVerificationOnActiveRequests_TC_AR_03" time="0.0" classname="com.hybridFramework.RMS.managementNotes.OnActiveRequests">
    <skipped/>
  </testcase> <!-- ManagementNotesVerificationOnActiveRequests_TC_AR_03 -->
  <testcase name="ManagementNotesVerificationOnActiveRequests_TC_AR_04" time="0.0" classname="com.hybridFramework.RMS.managementNotes.OnActiveRequests">
    <skipped/>
  </testcase> <!-- ManagementNotesVerificationOnActiveRequests_TC_AR_04 -->
  <testcase name="ManagementNotesVerificationOnActiveRequests_TC_AR_05" time="0.0" classname="com.hybridFramework.RMS.managementNotes.OnActiveRequests">
    <skipped/>
  </testcase> <!-- ManagementNotesVerificationOnActiveRequests_TC_AR_05 -->
  <testcase name="ManagementNotesVerificationOnActiveRequests_TC_AR_06" time="0.0" classname="com.hybridFramework.RMS.managementNotes.OnActiveRequests">
    <skipped/>
  </testcase> <!-- ManagementNotesVerificationOnActiveRequests_TC_AR_06 -->
  <testcase name="ManagementNotesVerificationOnActiveRequests_TC_AR_07" time="0.0" classname="com.hybridFramework.RMS.managementNotes.OnActiveRequests">
    <skipped/>
  </testcase> <!-- ManagementNotesVerificationOnActiveRequests_TC_AR_07 -->
  <testcase name="ManagementNotesVerificationOnActiveRequests_TC_AR_08" time="0.0" classname="com.hybridFramework.RMS.managementNotes.OnActiveRequests">
    <skipped/>
  </testcase> <!-- ManagementNotesVerificationOnActiveRequests_TC_AR_08 -->
  <testcase name="ManagementNotesVerificationOnActiveRequests_TC_AR_09" time="0.0" classname="com.hybridFramework.RMS.managementNotes.OnActiveRequests">
    <skipped/>
  </testcase> <!-- ManagementNotesVerificationOnActiveRequests_TC_AR_09 -->
  <testcase name="ManagementNotesVerificationOnActiveRequests_TC_AR_10" time="0.0" classname="com.hybridFramework.RMS.managementNotes.OnActiveRequests">
    <skipped/>
  </testcase> <!-- ManagementNotesVerificationOnActiveRequests_TC_AR_10 -->
</testsuite> <!-- ManagementNotes_ActiveRequests -->
