<?xml version="1.0" encoding="UTF-8"?>
<!-- Generated by org.testng.reporters.JUnitReportReporter -->
<testsuite skipped="0" hostname="NDE-MITTAVAI" name="com.hybridFramework.contentmap.Sprint9TestCases" tests="12" failures="1" timestamp="20 Jun 2018 06:56:02 GMT" time="484.521" errors="0">
  <testcase name="TC11_ClearSelectionLinkFunctionality" time="42.448" classname="com.hybridFramework.contentmap.Sprint9TestCases"/>
  <testcase name="TC12_ValidateConfigureContentMap" time="52.708" classname="com.hybridFramework.contentmap.Sprint9TestCases">
    <failure type="java.lang.AssertionError" message="Unable to add material type to the table expected [true] but found [false]">
      <![CDATA[java.lang.AssertionError: Unable to add material type to the table expected [true] but found [false]
at org.testng.Assert.fail(Assert.java:96)
at org.testng.Assert.failNotEquals(Assert.java:776)
at org.testng.Assert.assertTrue(Assert.java:44)
at com.hybridFramework.contentmap.Sprint9TestCases.TC12_ValidateConfigureContentMap(Sprint9TestCases.java:465)
at sun.reflect.NativeMethodAccessorImpl.invoke0(Native Method)
at sun.reflect.NativeMethodAccessorImpl.invoke(Unknown Source)
at sun.reflect.DelegatingMethodAccessorImpl.invoke(Unknown Source)
at java.lang.reflect.Method.invoke(Unknown Source)
at org.testng.internal.MethodInvocationHelper.invokeMethod(MethodInvocationHelper.java:124)
at org.testng.internal.Invoker.invokeMethod(Invoker.java:583)
at org.testng.internal.Invoker.invokeTestMethod(Invoker.java:719)
at org.testng.internal.Invoker.invokeTestMethods(Invoker.java:989)
at org.testng.internal.TestMethodWorker.invokeTestMethods(TestMethodWorker.java:125)
at org.testng.internal.TestMethodWorker.run(TestMethodWorker.java:109)
at org.testng.TestRunner.privateRun(TestRunner.java:648)
at org.testng.TestRunner.run(TestRunner.java:505)
at org.testng.SuiteRunner.runTest(SuiteRunner.java:455)
at org.testng.SuiteRunner.runSequentially(SuiteRunner.java:450)
at org.testng.SuiteRunner.privateRun(SuiteRunner.java:415)
at org.testng.SuiteRunner.run(SuiteRunner.java:364)
at org.testng.SuiteRunnerWorker.runSuite(SuiteRunnerWorker.java:52)
at org.testng.SuiteRunnerWorker.run(SuiteRunnerWorker.java:84)
at org.testng.TestNG.runSuitesSequentially(TestNG.java:1208)
at org.testng.TestNG.runSuitesLocally(TestNG.java:1137)
at org.testng.TestNG.runSuites(TestNG.java:1049)
at org.testng.TestNG.run(TestNG.java:1017)
at org.testng.remote.AbstractRemoteTestNG.run(AbstractRemoteTestNG.java:114)
at org.testng.remote.RemoteTestNG.initAndRun(RemoteTestNG.java:251)
at org.testng.remote.RemoteTestNG.main(RemoteTestNG.java:77)
]]>
    </failure>
  </testcase> <!-- TC12_ValidateConfigureContentMap -->
  <testcase name="TC03_VerifyPADrpDown" time="4.472" classname="com.hybridFramework.contentmap.Sprint9TestCases"/>
  <testcase name="TC04_VerifyViewPAMaterialButton" time="50.707" classname="com.hybridFramework.contentmap.Sprint9TestCases"/>
  <testcase name="TC07_UpdateStatusPopup" time="80.227" classname="com.hybridFramework.contentmap.Sprint9TestCases"/>
  <testcase name="TC02_VerifyPANavigatorButtonFunctionality" time="22.544" classname="com.hybridFramework.contentmap.Sprint9TestCases"/>
  <testcase name="TC01_VerifyCMButtonFunctionality" time="25.315" classname="com.hybridFramework.contentmap.Sprint9TestCases"/>
  <testcase name="TC08_UpdateStatusFunctionality" time="44.400" classname="com.hybridFramework.contentmap.Sprint9TestCases"/>
  <testcase name="TC09_VerifyViewMaterialButton" time="93.071" classname="com.hybridFramework.contentmap.Sprint9TestCases"/>
  <testcase name="TC06_TableCellFunctionality" time="36.716" classname="com.hybridFramework.contentmap.Sprint9TestCases"/>
  <testcase name="TC10_VerifyChangeHistorySection" time="15.337" classname="com.hybridFramework.contentmap.Sprint9TestCases"/>
  <testcase name="TC05_VerifyContentMapSection" time="16.576" classname="com.hybridFramework.contentmap.Sprint9TestCases"/>
</testsuite> <!-- com.hybridFramework.contentmap.Sprint9TestCases -->
